Change component parameters: Designator = "J2"; Footprint = "MINI_PCIE_CONN_3130"; UniqueID = "\TGEZTCNH"
Change component parameters. Clean all parameters for all variants
Change component parameters (AddParameter): Name = "Associated Product"; Value = "670-2277-2-ND-CONNMINIEXPRESSCARDLATCHSMD670-2277-1-ND-CONNMINIEXPRESSCARDLATCHSMD670-2277-6-ND-CONNMINIEXPRESSCARDLATCHSMD"; VariantName = "[No Variations]"
Change component parameters (AddParameter): Name = "Card Thickness"; Value = "0.039"(1.00mm)"; VariantName = "[No Variations]"
Change component parameters (AddParameter): Name = "Card Type"; Value = "PCIExpressMiniCard"; VariantName = "[No Variations]"
Change component parameters (AddParameter): Name = "Catalog Drawings"; Value = "MM60SeriesSideMM60SeriesTop"; VariantName = "[No Variations]"
Change component parameters (AddParameter): Name = "Category"; Value = "Connectors,Interconnects"; VariantName = "[No Variations]"
Change component parameters (AddParameter): Name = "Color"; Value = "-"; VariantName = "[No Variations]"
Change component parameters (AddParameter): Name = "Contact Finish"; Value = "Gold"; VariantName = "[No Variations]"
Change component parameters (AddParameter): Name = "Contact Finish Thickness"; Value = "3.9¦Ìin(0.10¦Ìm)"; VariantName = "[No Variations]"
Change component parameters (AddParameter): Name = "Contact Material"; Value = "CopperAlloy"; VariantName = "[No Variations]"
Change component parameters (AddParameter): Name = "Contact Type"; Value = "-"; VariantName = "[No Variations]"
Change component parameters (AddParameter): Name = "Datasheet URL"; Value = "http://www.jae.com/z-en/pdf_download_exec.cfm?param=MB-0147-6E_MM60.pdf"; VariantName = "[No Variations]"
Change component parameters (AddParameter): Name = "Datasheet Version"; Value = "04/2015"; VariantName = "[No Variations]"
Change component parameters (AddParameter): Name = "Family"; Value = "CardEdgeConnectors-EdgeboardConnectors"; VariantName = "[No Variations]"
Change component parameters (AddParameter): Name = "Featured Product"; Value = "MM60PCIeMiniCardConnector"; VariantName = "[No Variations]"
Change component parameters (AddParameter): Name = "Features"; Value = "BoardGuide"; VariantName = "[No Variations]"
Change component parameters (AddParameter): Name = "Flange Feature"; Value = "-"; VariantName = "[No Variations]"
Change component parameters (AddParameter): Name = "Gender"; Value = "Female"; VariantName = "[No Variations]"
Change component parameters (AddParameter): Name = "Manufacturer"; Value = "JAE Electronics"; VariantName = "[No Variations]"
Change component parameters (AddParameter): Name = "Manufacturer Part Number"; Value = "MM60-52B1-E1-R650"; VariantName = "[No Variations]"
Change component parameters (AddParameter): Name = "Manufacturer URL"; Value = "http://www.jaeusa.com/"; VariantName = "[No Variations]"
Change component parameters (AddParameter): Name = "Material - Insulation"; Value = "Thermoplastic"; VariantName = "[No Variations]"
Change component parameters (AddParameter): Name = "Mounting Technology"; Value = "SurfaceMount"; VariantName = "[No Variations]"
Change component parameters (AddParameter): Name = "Mounting Type"; Value = "SurfaceMount,RightAngle"; VariantName = "[No Variations]"
Change component parameters (AddParameter): Name = "Number of Positions"; Value = "52"; VariantName = "[No Variations]"
Change component parameters (AddParameter): Name = "Number of Positions/Bay/Row"; Value = "-"; VariantName = "[No Variations]"
Change component parameters (AddParameter): Name = "Number of Rows"; Value = "2"; VariantName = "[No Variations]"
Change component parameters (AddParameter): Name = "Online Catalog"; Value = "MM60Series"; VariantName = "[No Variations]"
Change component parameters (AddParameter): Name = "Operating Temperature"; Value = "-40¡ãC~85¡ãC"; VariantName = "[No Variations]"
Change component parameters (AddParameter): Name = "Other Names"; Value = "670-2275-6"; VariantName = "[No Variations]"
Change component parameters (AddParameter): Name = "Other Related Documents"; Value = "CardSelectionGuide"; VariantName = "[No Variations]"
Change component parameters (AddParameter): Name = "Package Description"; Value = "52-Pin Surface Mount Device, Body 28.4 x 10 mm, Pitch 0.8 mm"; VariantName = "[No Variations]"
Change component parameters (AddParameter): Name = "Package Reference"; Value = "MM60-52B1"; VariantName = "[No Variations]"
Change component parameters (AddParameter): Name = "Package URL"; Value = "https://datasheet.ciiva.com/7633/332207-7633323.pdf"; VariantName = "[No Variations]"
Change component parameters (AddParameter): Name = "Package Version"; Value = "Rev. 2, 01/2006"; VariantName = "[No Variations]"
Change component parameters (AddParameter): Name = "Packaging"; Value = "Digi-Reel?"; VariantName = "[No Variations]"
Change component parameters (AddParameter): Name = "Pitch"; Value = "0.031"(0.80mm)"; VariantName = "[No Variations]"
Change component parameters (AddParameter): Name = "Product Training Modules"; Value = "MM60PCIeMiniCardConnectorMemoryModules,theSM3andMM60SeriesofConnectors"; VariantName = "[No Variations]"
Change component parameters (AddParameter): Name = "Read Out"; Value = "Dual"; VariantName = "[No Variations]"
Change component parameters (AddParameter): Name = "Series"; Value = "MM60"; VariantName = "[No Variations]"
Change component parameters (AddParameter): Name = "Standard Package"; Value = "1"; VariantName = "[No Variations]"
Change component parameters (AddParameter): Name = "Termination"; Value = "Solder"; VariantName = "[No Variations]"
Added Component: Designator=SW1(TSW SMD-3*6*2.5)
Add component. Clean all parameters for all variants
Add component (AddParameter): Name = "BOMÃû³Æ"; Value = "3x6Çá´¥¿ª¹Ø"; VariantName = "[No Variations]"
Added Pin To Net: NetName=GND Pin=SW1-1
Added Pin To Net: NetName=EN Pin=SW1-2
Change Class Name : Old Net Name=Sheet1 New Net Name=ESP32-Download-Motherboard
Added Member To Class: ClassName=ESP32-Download-Motherboard Member=Component SW1 3x6x5
